<?xml version="1.0" encoding="UTF-8"?>
<!-- Generated by org.testng.reporters.JUnitXMLReporter -->
<testsuite ignored="0" hostname="LAPTOP-UQLJLBQ3" failures="0" tests="4" name="EdgeTest" time="22.196" errors="0" timestamp="2025-08-26T15:48:26 IST">
  <testcase classname="Package1.Lab_3TNG" name="f" time="2.744"/>
  <testcase classname="Package1.Lab_3TNG" name="f" time="2.833"/>
  <testcase classname="Package1.Lab_4TNG" name="f" time="4.014"/>
  <testcase classname="Package1.Lab_4TNG" name="f" time="3.85"/>
</testsuite> <!-- EdgeTest -->
