<?xml version="1.0" encoding="UTF-8"?>
<!-- Generated by org.testng.reporters.JUnitXMLReporter -->
<testsuite ignored="0" hostname="LAPTOP-UQLJLBQ3" failures="0" tests="4" name="Test" time="0.075" errors="0" timestamp="2025-08-26T15:25:50 IST">
  <testcase classname="Package1.TC_010_Groups" name="test1" time="0.014"/>
  <testcase classname="Package1.TC_010_Groups" name="test2" time="0.002"/>
  <testcase classname="Package1.TC_010_Groups" name="test3" time="0.001"/>
  <testcase classname="Package1.TC_010_Groups" name="test4" time="0.001"/>
</testsuite> <!-- Test -->
