<?xml version="1.0" encoding="UTF-8"?>
<testng-results ignored="0" total="1" passed="1" failed="0" skipped="0">
  <reporter-output>
  </reporter-output>
  <suite started-at="2025-08-29T11:39:56 IST" name="Default suite" finished-at="2025-08-29T11:40:05 IST" duration-ms="9209">
    <groups>
    </groups>
    <test started-at="2025-08-29T11:39:56 IST" name="Default test" finished-at="2025-08-29T11:40:05 IST" duration-ms="9209">
      <class name="Package1.TC_Screenshots">
        <test-method signature="screenshottest()[pri:0, instance:Package1.TC_Screenshots@393671df]" started-at="2025-08-29T11:39:56 IST" name="screenshottest" finished-at="2025-08-29T11:40:05 IST" duration-ms="9166" status="PASS">
          <reporter-output>
          </reporter-output>
        </test-method> <!-- screenshottest -->
      </class> <!-- Package1.TC_Screenshots -->
    </test> <!-- Default test -->
  </suite> <!-- Default suite -->
</testng-results>
