<?xml version="1.0" encoding="UTF-8"?>
<!-- Generated by org.testng.reporters.JUnitXMLReporter -->
<testsuite ignored="0" hostname="LAPTOP-UQLJLBQ3" failures="0" tests="4" name="Lab_Test" time="19.093" errors="0" timestamp="2025-08-26T12:25:29 IST">
  <testcase classname="Package1.Lab_3TNG" name="f" time="2.495"/>
  <testcase classname="Package1.Lab_3TNG" name="f" time="2.508"/>
  <testcase classname="Package1.Lab_4TNG" name="f" time="3.751"/>
  <testcase classname="Package1.Lab_4TNG" name="f" time="3.591"/>
</testsuite> <!-- Lab_Test -->
